android/app/build/intermediates/manifest_merge_blame_file/debug/processDebugMainManifest/manifest-merger-blame-debug-report.txt
1<?xml version="1.0" encoding="utf-8"?>
2<manifest xmlns:android="http://schemas.android.com/apk/res/android"
3    package="io.ionic.starter"
4    android:versionCode="1"
5    android:versionName="1.0" >
6
7    <uses-sdk
8        android:minSdkVersion="24"
9        android:targetSdkVersion="36" />
10
11    <!-- Permissions -->
12
13    <uses-permission android:name="android.permission.INTERNET" />
13-->src\main\AndroidManifest.xml:40:5-67
13-->src\main\AndroidManifest.xml:40:22-64
14
15    <queries>
15-->[:capacitor-camera] AndroidManifest.xml:7:5-17:15
16        <intent>
16-->[:capacitor-camera] AndroidManifest.xml:8:9-10:18
17            <action android:name="android.media.action.IMAGE_CAPTURE" />
17-->[:capacitor-camera] AndroidManifest.xml:9:13-73
17-->[:capacitor-camera] AndroidManifest.xml:9:21-70
18        </intent>
19        <intent>
19-->[:capacitor-camera] AndroidManifest.xml:11:9-13:18
20            <action android:name="android.intent.action.GET_CONTENT" />
20-->[:capacitor-camera] AndroidManifest.xml:12:13-72
20-->[:capacitor-camera] AndroidManifest.xml:12:21-69
21        </intent>
22        <intent>
22-->[:capacitor-camera] AndroidManifest.xml:14:9-16:18
23            <action android:name="android.intent.action.PICK" />
23-->[:capacitor-camera] AndroidManifest.xml:15:13-65
23-->[:capacitor-camera] AndroidManifest.xml:15:21-62
24        </intent>
25    </queries>
26
27    <uses-permission android:name="android.permission.VIBRATE" />
27-->[:capacitor-haptics] AndroidManifest.xml:7:5-66
27-->[:capacitor-haptics] AndroidManifest.xml:7:22-63
28
29    <permission
29-->[androidx.core:core:1.17.0] AndroidManifest.xml:22:5-24:47
30        android:name="io.ionic.starter.DYNAMIC_RECEIVER_NOT_EXPORTED_PERMISSION"
30-->[androidx.core:core:1.17.0] AndroidManifest.xml:23:9-81
31        android:protectionLevel="signature" />
31-->[androidx.core:core:1.17.0] AndroidManifest.xml:24:9-44
32
33    <uses-permission android:name="io.ionic.starter.DYNAMIC_RECEIVER_NOT_EXPORTED_PERMISSION" />
33-->[androidx.core:core:1.17.0] AndroidManifest.xml:26:5-97
33-->[androidx.core:core:1.17.0] AndroidManifest.xml:26:22-94
34
35    <application
35-->src\main\AndroidManifest.xml:4:5-36:19
36        android:allowBackup="true"
36-->src\main\AndroidManifest.xml:5:9-35
37        android:appComponentFactory="androidx.core.app.CoreComponentFactory"
37-->[androidx.core:core:1.17.0] AndroidManifest.xml:28:18-86
38        android:debuggable="true"
39        android:extractNativeLibs="false"
40        android:icon="@mipmap/ic_launcher"
40-->src\main\AndroidManifest.xml:6:9-43
41        android:label="@string/app_name"
41-->src\main\AndroidManifest.xml:7:9-41
42        android:requestLegacyExternalStorage="true"
42-->[io.ionic.libs:ioncamera-android:1.0.1] AndroidManifest.xml:8:18-61
43        android:roundIcon="@mipmap/ic_launcher_round"
43-->src\main\AndroidManifest.xml:8:9-54
44        android:supportsRtl="true"
44-->src\main\AndroidManifest.xml:9:9-35
45        android:testOnly="true"
46        android:theme="@style/AppTheme" >
46-->src\main\AndroidManifest.xml:10:9-40
47        <activity
47-->src\main\AndroidManifest.xml:12:9-25:20
48            android:name="io.ionic.starter.MainActivity"
48-->src\main\AndroidManifest.xml:14:13-41
49            android:configChanges="orientation|keyboardHidden|keyboard|screenSize|locale|smallestScreenSize|screenLayout|uiMode|navigation|density"
49-->src\main\AndroidManifest.xml:13:13-148
50            android:exported="true"
50-->src\main\AndroidManifest.xml:18:13-36
51            android:label="@string/title_activity_main"
51-->src\main\AndroidManifest.xml:15:13-56
52            android:launchMode="singleTask"
52-->src\main\AndroidManifest.xml:17:13-44
53            android:theme="@style/AppTheme.NoActionBarLaunch" >
53-->src\main\AndroidManifest.xml:16:13-62
54            <intent-filter>
54-->src\main\AndroidManifest.xml:20:13-23:29
55                <action android:name="android.intent.action.MAIN" />
55-->src\main\AndroidManifest.xml:21:17-69
55-->src\main\AndroidManifest.xml:21:25-66
56
57                <category android:name="android.intent.category.LAUNCHER" />
57-->src\main\AndroidManifest.xml:22:17-77
57-->src\main\AndroidManifest.xml:22:27-74
58            </intent-filter>
59        </activity>
60
61        <provider
62            android:name="androidx.core.content.FileProvider"
62-->src\main\AndroidManifest.xml:28:13-62
63            android:authorities="io.ionic.starter.fileprovider"
63-->src\main\AndroidManifest.xml:29:13-64
64            android:exported="false"
64-->src\main\AndroidManifest.xml:30:13-37
65            android:grantUriPermissions="true" >
65-->src\main\AndroidManifest.xml:31:13-47
66            <meta-data
66-->src\main\AndroidManifest.xml:32:13-34:64
67                android:name="android.support.FILE_PROVIDER_PATHS"
67-->src\main\AndroidManifest.xml:33:17-67
68                android:resource="@xml/file_paths" />
68-->src\main\AndroidManifest.xml:34:17-51
69        </provider>
70
71        <activity
71-->[io.ionic.libs:ioncamera-android:1.0.1] AndroidManifest.xml:9:9-11:86
72            android:name="io.ionic.libs.ioncameralib.view.IONCAMRLoadingActivity"
72-->[io.ionic.libs:ioncamera-android:1.0.1] AndroidManifest.xml:10:13-82
73            android:theme="@android:style/Theme.Translucent.NoTitleBar.Fullscreen" />
73-->[io.ionic.libs:ioncamera-android:1.0.1] AndroidManifest.xml:11:13-83
74        <activity
74-->[io.ionic.libs:ioncamera-android:1.0.1] AndroidManifest.xml:12:9-16:36
75            android:name="io.ionic.libs.ioncameralib.view.IONCAMRImageEditorActivity"
75-->[io.ionic.libs:ioncamera-android:1.0.1] AndroidManifest.xml:13:13-86
76            android:enableOnBackInvokedCallback="true"
76-->[io.ionic.libs:ioncamera-android:1.0.1] AndroidManifest.xml:14:13-55
77            android:theme="@android:style/Theme.Black.NoTitleBar" />
77-->[io.ionic.libs:ioncamera-android:1.0.1] AndroidManifest.xml:15:13-66
78        <activity
78-->[io.ionic.libs:ioncamera-android:1.0.1] AndroidManifest.xml:17:9-20:86
79            android:name="io.ionic.libs.ioncameralib.view.IONCAMROpenPhotoPickerActivity"
79-->[io.ionic.libs:ioncamera-android:1.0.1] AndroidManifest.xml:18:13-90
80            android:exported="false"
80-->[io.ionic.libs:ioncamera-android:1.0.1] AndroidManifest.xml:19:13-37
81            android:theme="@android:style/Theme.Translucent.NoTitleBar.Fullscreen" /> <!-- Trigger Google Play services to install the backported photo picker module. -->
81-->[io.ionic.libs:ioncamera-android:1.0.1] AndroidManifest.xml:20:13-83
82        <service
82-->[io.ionic.libs:ioncamera-android:1.0.1] AndroidManifest.xml:22:9-34:19
83            android:name="com.google.android.gms.metadata.ModuleDependencies"
83-->[io.ionic.libs:ioncamera-android:1.0.1] AndroidManifest.xml:23:13-78
84            android:enabled="false"
84-->[io.ionic.libs:ioncamera-android:1.0.1] AndroidManifest.xml:24:13-36
85            android:exported="false" >
85-->[io.ionic.libs:ioncamera-android:1.0.1] AndroidManifest.xml:25:13-37
86            <intent-filter>
86-->[io.ionic.libs:ioncamera-android:1.0.1] AndroidManifest.xml:27:13-29:29
87                <action android:name="com.google.android.gms.metadata.MODULE_DEPENDENCIES" />
87-->[io.ionic.libs:ioncamera-android:1.0.1] AndroidManifest.xml:28:17-94
87-->[io.ionic.libs:ioncamera-android:1.0.1] AndroidManifest.xml:28:25-91
88            </intent-filter>
89
90            <meta-data
90-->[io.ionic.libs:ioncamera-android:1.0.1] AndroidManifest.xml:31:13-33:36
91                android:name="photopicker_activity:0:required"
91-->[io.ionic.libs:ioncamera-android:1.0.1] AndroidManifest.xml:32:17-63
92                android:value="" />
92-->[io.ionic.libs:ioncamera-android:1.0.1] AndroidManifest.xml:33:17-33
93        </service>
94
95        <provider
95-->[io.ionic.libs:ioncamera-android:1.0.1] AndroidManifest.xml:36:9-44:20
96            android:name="io.ionic.libs.ioncameralib.IONCAMRFileProvider"
96-->[io.ionic.libs:ioncamera-android:1.0.1] AndroidManifest.xml:37:13-74
97            android:authorities="io.ionic.starter.camera.provider"
97-->[io.ionic.libs:ioncamera-android:1.0.1] AndroidManifest.xml:38:13-67
98            android:exported="false"
98-->[io.ionic.libs:ioncamera-android:1.0.1] AndroidManifest.xml:39:13-37
99            android:grantUriPermissions="true" >
99-->[io.ionic.libs:ioncamera-android:1.0.1] AndroidManifest.xml:40:13-47
100            <meta-data
100-->src\main\AndroidManifest.xml:32:13-34:64
101                android:name="android.support.FILE_PROVIDER_PATHS"
101-->src\main\AndroidManifest.xml:33:17-67
102                android:resource="@xml/ioncamera_paths" />
102-->src\main\AndroidManifest.xml:34:17-51
103        </provider>
104        <provider
104-->[androidx.emoji2:emoji2:1.3.0] AndroidManifest.xml:24:9-32:20
105            android:name="androidx.startup.InitializationProvider"
105-->[androidx.emoji2:emoji2:1.3.0] AndroidManifest.xml:25:13-67
106            android:authorities="io.ionic.starter.androidx-startup"
106-->[androidx.emoji2:emoji2:1.3.0] AndroidManifest.xml:26:13-68
107            android:exported="false" >
107-->[androidx.emoji2:emoji2:1.3.0] AndroidManifest.xml:27:13-37
108            <meta-data
108-->[androidx.emoji2:emoji2:1.3.0] AndroidManifest.xml:29:13-31:52
109                android:name="androidx.emoji2.text.EmojiCompatInitializer"
109-->[androidx.emoji2:emoji2:1.3.0] AndroidManifest.xml:30:17-75
110                android:value="androidx.startup" />
110-->[androidx.emoji2:emoji2:1.3.0] AndroidManifest.xml:31:17-49
111            <meta-data
111-->[androidx.lifecycle:lifecycle-process:2.6.2] AndroidManifest.xml:29:13-31:52
112                android:name="androidx.lifecycle.ProcessLifecycleInitializer"
112-->[androidx.lifecycle:lifecycle-process:2.6.2] AndroidManifest.xml:30:17-78
113                android:value="androidx.startup" />
113-->[androidx.lifecycle:lifecycle-process:2.6.2] AndroidManifest.xml:31:17-49
114            <meta-data
114-->[androidx.profileinstaller:profileinstaller:1.4.0] AndroidManifest.xml:29:13-31:52
115                android:name="androidx.profileinstaller.ProfileInstallerInitializer"
115-->[androidx.profileinstaller:profileinstaller:1.4.0] AndroidManifest.xml:30:17-85
116                android:value="androidx.startup" />
116-->[androidx.profileinstaller:profileinstaller:1.4.0] AndroidManifest.xml:31:17-49
117        </provider>
118        <!--
119        Service for holding metadata. Cannot be instantiated.
120        Metadata will be merged from other manifests.
121        -->
122        <service
122-->[androidx.camera:camera-core:1.4.2] AndroidManifest.xml:29:9-33:78
123            android:name="androidx.camera.core.impl.MetadataHolderService"
123-->[androidx.camera:camera-core:1.4.2] AndroidManifest.xml:30:13-75
124            android:enabled="false"
124-->[androidx.camera:camera-core:1.4.2] AndroidManifest.xml:31:13-36
125            android:exported="false" />
125-->[androidx.camera:camera-core:1.4.2] AndroidManifest.xml:32:13-37
126
127        <receiver
127-->[androidx.profileinstaller:profileinstaller:1.4.0] AndroidManifest.xml:34:9-52:20
128            android:name="androidx.profileinstaller.ProfileInstallReceiver"
128-->[androidx.profileinstaller:profileinstaller:1.4.0] AndroidManifest.xml:35:13-76
129            android:directBootAware="false"
129-->[androidx.profileinstaller:profileinstaller:1.4.0] AndroidManifest.xml:36:13-44
130            android:enabled="true"
130-->[androidx.profileinstaller:profileinstaller:1.4.0] AndroidManifest.xml:37:13-35
131            android:exported="true"
131-->[androidx.profileinstaller:profileinstaller:1.4.0] AndroidManifest.xml:38:13-36
132            android:permission="android.permission.DUMP" >
132-->[androidx.profileinstaller:profileinstaller:1.4.0] AndroidManifest.xml:39:13-57
133            <intent-filter>
133-->[androidx.profileinstaller:profileinstaller:1.4.0] AndroidManifest.xml:40:13-42:29
134                <action android:name="androidx.profileinstaller.action.INSTALL_PROFILE" />
134-->[androidx.profileinstaller:profileinstaller:1.4.0] AndroidManifest.xml:41:17-91
134-->[androidx.profileinstaller:profileinstaller:1.4.0] AndroidManifest.xml:41:25-88
135            </intent-filter>
136            <intent-filter>
136-->[androidx.profileinstaller:profileinstaller:1.4.0] AndroidManifest.xml:43:13-45:29
137                <action android:name="androidx.profileinstaller.action.SKIP_FILE" />
137-->[androidx.profileinstaller:profileinstaller:1.4.0] AndroidManifest.xml:44:17-85
137-->[androidx.profileinstaller:profileinstaller:1.4.0] AndroidManifest.xml:44:25-82
138            </intent-filter>
139            <intent-filter>
139-->[androidx.profileinstaller:profileinstaller:1.4.0] AndroidManifest.xml:46:13-48:29
140                <action android:name="androidx.profileinstaller.action.SAVE_PROFILE" />
140-->[androidx.profileinstaller:profileinstaller:1.4.0] AndroidManifest.xml:47:17-88
140-->[androidx.profileinstaller:profileinstaller:1.4.0] AndroidManifest.xml:47:25-85
141            </intent-filter>
142            <intent-filter>
142-->[androidx.profileinstaller:profileinstaller:1.4.0] AndroidManifest.xml:49:13-51:29
143                <action android:name="androidx.profileinstaller.action.BENCHMARK_OPERATION" />
143-->[androidx.profileinstaller:profileinstaller:1.4.0] AndroidManifest.xml:50:17-95
143-->[androidx.profileinstaller:profileinstaller:1.4.0] AndroidManifest.xml:50:25-92
144            </intent-filter>
145        </receiver>
146    </application>
147
148</manifest>